0 info it worked if it ends with ok
1 verbose cli [ '/usr/bin/nodejs', '/usr/bin/npm', 'start' ]
2 info using npm@2.15.9
3 info using node@v4.5.0
4 verbose run-script [ 'prestart', 'start', 'poststart' ]
5 info prestart otus-preview-js@0.0.1-SNAPSHOT
6 info start otus-preview-js@0.0.1-SNAPSHOT
7 verbose unsafe-perm in lifecycle true
8 info otus-preview-js@0.0.1-SNAPSHOT Failed to exec start script
9 verbose stack Error: otus-preview-js@0.0.1-SNAPSHOT start: `npm run gulp browser-sync`
9 verbose stack Exit status 1
9 verbose stack     at EventEmitter.<anonymous> (/usr/lib/node_modules/npm/lib/utils/lifecycle.js:217:16)
9 verbose stack     at emitTwo (events.js:87:13)
9 verbose stack     at EventEmitter.emit (events.js:172:7)
9 verbose stack     at ChildProcess.<anonymous> (/usr/lib/node_modules/npm/lib/utils/spawn.js:24:14)
9 verbose stack     at emitTwo (events.js:87:13)
9 verbose stack     at ChildProcess.emit (events.js:172:7)
9 verbose stack     at maybeClose (internal/child_process.js:829:16)
9 verbose stack     at Process.ChildProcess._handle.onexit (internal/child_process.js:211:5)
10 verbose pkgid otus-preview-js@0.0.1-SNAPSHOT
11 verbose cwd /home/breno/workspace/otus-preview-js
12 error Linux 4.4.0-36-generic
13 error argv "/usr/bin/nodejs" "/usr/bin/npm" "start"
14 error node v4.5.0
15 error npm  v2.15.9
16 error code ELIFECYCLE
17 error otus-preview-js@0.0.1-SNAPSHOT start: `npm run gulp browser-sync`
17 error Exit status 1
18 error Failed at the otus-preview-js@0.0.1-SNAPSHOT start script 'npm run gulp browser-sync'.
18 error This is most likely a problem with the otus-preview-js package,
18 error not with npm itself.
18 error Tell the author that this fails on your system:
18 error     npm run gulp browser-sync
18 error You can get information on how to open an issue for this project with:
18 error     npm bugs otus-preview-js
18 error Or if that isn't available, you can get their info via:
18 error
18 error     npm owner ls otus-preview-js
18 error There is likely additional logging output above.
19 verbose exit [ 1, true ]
